TN:
SF:lib/models/attendance.dart
FNF:0
FNH:0
DA:16,2
DA:29,1
DA:30,1
DA:31,1
DA:32,1
DA:33,1
DA:34,2
DA:35,1
DA:36,0
DA:38,1
DA:39,2
DA:40,1
DA:41,2
DA:42,1
DA:43,2
DA:48,2
DA:49,1
DA:50,1
DA:51,1
DA:52,2
DA:53,1
DA:54,1
DA:55,1
DA:56,1
DA:57,2
DA:60,2
DA:61,1
DA:62,1
DA:63,2
DA:64,1
DA:65,1
DA:66,1
DA:69,2
DA:81,2
DA:82,2
DA:83,2
DA:84,2
DA:85,2
DA:86,2
DA:87,2
DA:88,2
DA:89,0
DA:90,2
DA:91,2
DA:95,2
DA:97,1
DA:98,2
DA:99,2
DA:102,0
DA:103,0
DA:104,0
DA:105,0
DA:117,1
DA:126,1
DA:132,12
DA:133,12
DA:134,12
DA:136,8
DA:137,8
DA:138,8
DA:145,1
LF:61
LH:55
end_of_record
TN:
SF:lib/models/friendship.dart
FNF:0
FNH:0
DA:13,1
DA:22,1
DA:23,1
DA:24,1
DA:25,1
DA:26,1
DA:27,2
DA:28,2
DA:29,2
DA:33,1
DA:35,1
DA:36,1
DA:41,1
DA:42,1
DA:43,1
DA:44,1
DA:49,2
DA:50,1
DA:51,1
DA:52,1
DA:53,1
DA:54,2
DA:55,2
DA:58,0
DA:59,3
DA:61,0
DA:62,0
DA:73,0
DA:82,12
DA:92,2
DA:100,2
DA:101,4
DA:102,2
DA:103,2
DA:104,2
DA:105,2
DA:106,2
DA:107,4
DA:111,12
DA:113,2
DA:114,6
DA:115,4
DA:116,6
DA:117,4
LF:44
LH:40
end_of_record
TN:
SF:lib/models/leaderboard_category.dart
FNF:0
FNH:0
DA:9,1
DA:11,1
DA:13,0
DA:15,0
DA:17,0
DA:22,1
DA:24,1
DA:26,1
DA:28,1
DA:30,1
DA:35,1
DA:37,1
DA:39,1
DA:41,1
DA:43,0
LF:15
LH:11
end_of_record
TN:
SF:lib/models/leaderboard_entry.dart
FNF:0
FNH:0
DA:16,1
DA:30,1
DA:35,1
DA:36,1
DA:38,1
DA:40,1
DA:43,1
DA:44,1
DA:45,1
DA:46,1
DA:47,0
DA:48,1
DA:50,2
DA:51,1
DA:52,2
DA:57,1
DA:70,1
DA:71,0
DA:72,1
DA:73,1
DA:74,1
DA:75,1
DA:76,1
DA:77,1
DA:78,1
DA:79,1
DA:80,1
DA:81,1
DA:85,18
DA:86,3
DA:88,3
DA:89,3
DA:90,3
DA:92,3
DA:94,3
DA:101,0
DA:102,0
DA:103,0
DA:104,0
DA:105,0
DA:106,0
DA:107,0
DA:108,0
DA:109,0
DA:110,0
DA:111,0
DA:112,0
DA:113,0
LF:48
LH:33
end_of_record
TN:
SF:lib/models/lecture.dart
FNF:0
FNH:0
DA:20,10
DA:36,1
DA:37,1
DA:38,1
DA:39,1
DA:40,1
DA:41,1
DA:42,1
DA:43,1
DA:44,2
DA:45,2
DA:46,2
DA:47,2
DA:48,1
DA:49,2
DA:50,2
DA:54,2
DA:55,1
DA:56,1
DA:57,1
DA:58,1
DA:59,1
DA:60,1
DA:61,1
DA:62,1
DA:63,2
DA:64,2
DA:65,1
DA:66,2
DA:67,2
DA:70,2
DA:71,1
DA:72,1
DA:73,1
DA:74,1
DA:75,1
DA:76,1
DA:77,1
DA:78,2
DA:79,2
DA:80,1
DA:83,3
DA:98,3
DA:99,3
DA:100,3
DA:101,3
DA:102,2
DA:103,3
DA:104,3
DA:105,1
DA:106,1
DA:107,3
DA:108,3
DA:109,3
DA:110,3
DA:111,3
DA:116,4
DA:117,4
DA:118,16
DA:121,4
DA:122,12
DA:124,4
DA:125,3
DA:127,3
DA:129,27
DA:131,27
DA:132,3
DA:135,3
DA:137,28
DA:139,0
DA:140,0
DA:141,1
DA:142,4
DA:144,1
DA:145,6
DA:148,0
DA:149,0
DA:150,0
DA:151,0
DA:152,0
DA:153,0
DA:154,0
DA:155,0
DA:156,0
DA:157,0
DA:158,0
DA:159,0
DA:160,0
DA:161,0
DA:162,0
DA:174,2
DA:181,1
DA:182,1
DA:183,1
DA:184,1
DA:186,1
DA:190,2
DA:192,2
DA:196,2
DA:197,2
DA:198,4
DA:199,4
LF:102
LH:85
end_of_record
TN:
SF:lib/models/points.dart
FNF:0
FNH:0
DA:16,3
DA:28,1
DA:29,1
DA:30,1
DA:31,1
DA:32,1
DA:33,1
DA:34,1
DA:36,1
DA:38,1
DA:39,0
DA:42,1
DA:43,2
DA:44,1
DA:46,1
DA:47,2
DA:48,1
DA:52,2
DA:60,1
DA:61,1
DA:64,0
DA:65,0
DA:66,0
DA:67,0
DA:68,0
DA:69,0
DA:70,0
DA:71,0
DA:72,0
DA:73,0
DA:76,1
DA:87,1
DA:88,1
DA:89,1
DA:90,0
DA:91,1
DA:92,1
DA:94,1
DA:95,1
DA:96,1
DA:97,1
DA:101,2
DA:102,2
DA:103,4
DA:104,6
DA:107,2
DA:108,4
DA:109,4
DA:110,4
DA:111,4
DA:112,4
DA:116,2
DA:117,2
DA:118,2
DA:120,2
DA:122,1
DA:124,1
DA:126,1
DA:128,0
DA:133,2
DA:134,2
DA:135,2
DA:136,0
DA:137,2
DA:138,2
DA:139,1
DA:140,0
DA:141,1
DA:142,0
DA:143,1
DA:144,2
DA:145,0
DA:150,0
DA:151,0
DA:152,0
DA:153,0
DA:154,0
DA:155,0
DA:156,0
DA:157,0
DA:158,0
DA:159,0
DA:160,0
LF:83
LH:55
end_of_record
TN:
SF:lib/models/purchase.dart
FNF:0
FNH:0
DA:10,1
DA:18,1
DA:19,1
DA:20,1
DA:21,1
DA:22,1
DA:23,1
DA:24,2
DA:28,0
DA:29,0
LF:10
LH:8
end_of_record
TN:
SF:lib/models/shop_item.dart
FNF:0
FNH:0
DA:8,3
DA:10,3
DA:12,1
DA:17,2
DA:19,2
DA:22,2
DA:27,1
DA:29,1
DA:31,1
DA:42,1
DA:44,9
DA:45,3
DA:46,3
DA:48,1
DA:49,1
DA:50,1
DA:51,1
DA:52,0
DA:56,0
DA:57,0
LF:20
LH:17
end_of_record
TN:
SF:lib/models/streak.dart
FNF:0
FNH:0
DA:16,3
DA:28,2
DA:29,2
DA:30,2
DA:31,2
DA:32,2
DA:33,2
DA:34,2
DA:35,2
DA:36,2
DA:38,2
DA:39,2
DA:41,2
DA:42,4
DA:43,0
DA:44,2
DA:45,4
DA:46,0
DA:50,0
DA:57,0
DA:58,0
DA:61,2
DA:62,1
DA:63,1
DA:64,1
DA:65,1
DA:66,1
DA:67,1
DA:68,2
DA:69,2
DA:70,2
DA:73,1
DA:84,1
DA:85,1
DA:86,1
DA:87,0
DA:88,1
DA:89,1
DA:90,1
DA:91,1
DA:92,1
DA:93,1
DA:97,0
DA:98,4
DA:100,1
DA:101,2
DA:102,1
DA:103,1
DA:104,1
DA:105,9
DA:108,1
DA:109,2
DA:110,1
DA:111,2
DA:112,2
DA:113,2
DA:117,0
DA:118,0
DA:119,0
DA:120,0
LF:60
LH:49
end_of_record
TN:
SF:lib/models/streak_evaluation.dart
FNF:0
FNH:0
DA:9,1
DA:18,1
DA:19,1
DA:20,1
DA:21,1
DA:22,1
DA:23,1
DA:24,2
DA:26,1
DA:27,1
DA:31,4
LF:11
LH:11
end_of_record
TN:
SF:lib/models/timetable.dart
FNF:0
FNH:0
DA:14,1
DA:24,1
DA:25,1
DA:26,1
DA:27,1
DA:28,1
DA:29,2
DA:30,1
DA:31,2
DA:33,2
DA:34,2
DA:38,1
DA:40,1
DA:41,1
DA:46,1
DA:47,1
DA:48,1
DA:49,0
DA:54,0
DA:55,0
DA:56,0
DA:57,0
DA:58,0
DA:59,0
DA:60,0
DA:61,0
DA:64,1
DA:73,1
DA:74,1
DA:75,1
DA:76,0
DA:77,1
DA:78,1
DA:79,1
DA:80,1
DA:84,1
DA:85,2
DA:86,1
DA:87,5
DA:90,0
DA:91,0
LF:41
LH:29
end_of_record
TN:
SF:lib/models/user.dart
FNF:0
FNH:0
DA:13,5
DA:24,2
DA:25,2
DA:26,2
DA:27,2
DA:28,2
DA:29,2
DA:30,2
DA:31,2
DA:32,4
DA:33,4
DA:37,0
DA:38,0
DA:39,0
DA:40,0
DA:41,0
DA:42,0
DA:43,0
DA:44,0
DA:45,0
DA:48,1
DA:58,1
DA:59,1
DA:60,1
DA:61,1
DA:62,1
DA:63,1
DA:64,0
DA:65,1
DA:66,1
DA:70,4
DA:71,8
DA:72,12
DA:75,6
DA:77,0
DA:78,0
LF:36
LH:24
end_of_record
TN:
SF:lib/models/user_profile.dart
FNF:0
FNH:0
DA:16,1
DA:24,1
DA:25,1
DA:26,1
DA:27,3
DA:29,1
DA:33,2
DA:34,2
DA:36,3
DA:38,1
DA:42,2
DA:43,2
DA:48,1
DA:55,1
DA:56,1
DA:57,1
DA:58,0
DA:59,1
DA:60,1
DA:65,3
DA:66,0
DA:67,0
DA:68,0
DA:69,0
DA:70,3
DA:71,0
DA:72,0
DA:75,3
LF:28
LH:21
end_of_record
TN:
SF:lib/pages/checkin_page.dart
FNF:0
FNH:0
DA:14,1
DA:16,2
DA:17,2
DA:26,2
DA:28,2
DA:29,6
DA:30,6
DA:32,2
DA:34,4
DA:37,2
DA:39,6
DA:40,4
DA:44,2
DA:46,4
DA:47,4
DA:48,2
DA:51,2
DA:52,2
DA:53,2
DA:54,2
DA:55,2
DA:57,4
DA:58,0
DA:59,0
DA:60,0
DA:64,2
DA:66,2
DA:67,2
DA:69,2
DA:70,2
DA:72,0
DA:76,2
DA:77,2
DA:78,2
DA:79,2
DA:80,2
DA:81,2
DA:83,2
DA:84,0
DA:85,2
DA:86,1
DA:87,1
DA:88,1
DA:89,1
DA:90,0
DA:91,1
DA:92,0
DA:93,0
DA:95,0
DA:96,0
DA:97,0
DA:100,0
DA:102,0
DA:107,1
DA:108,1
DA:118,0
DA:119,0
DA:120,0
DA:121,0
DA:123,0
DA:124,0
DA:126,0
DA:127,0
DA:128,0
DA:131,0
DA:132,0
DA:140,1
DA:141,2
DA:142,1
DA:143,1
DA:144,1
DA:146,1
DA:148,1
DA:149,1
DA:151,1
DA:153,3
DA:158,1
DA:159,0
DA:161,0
DA:162,0
DA:166,0
DA:168,0
DA:169,0
DA:170,0
DA:171,0
DA:172,0
DA:177,1
DA:179,3
DA:180,0
DA:189,0
DA:190,0
DA:191,0
DA:192,0
DA:193,0
DA:194,0
DA:195,0
DA:196,0
DA:197,0
DA:199,0
DA:201,0
DA:202,0
DA:203,0
DA:206,0
DA:207,0
DA:211,0
DA:212,0
DA:215,0
DA:216,0
DA:217,0
DA:218,0
DA:221,0
DA:222,0
DA:225,0
DA:230,0
DA:231,0
DA:234,0
DA:238,0
DA:239,0
DA:242,0
DA:246,0
DA:247,0
DA:249,0
DA:252,0
DA:253,0
DA:254,0
DA:255,0
DA:256,0
DA:260,0
DA:263,0
DA:264,0
DA:267,0
DA:268,0
DA:269,0
DA:270,0
DA:271,0
DA:275,0
DA:276,0
DA:278,0
DA:279,0
DA:280,0
DA:283,0
DA:284,0
DA:285,0
DA:288,0
DA:290,0
DA:291,0
DA:292,0
DA:296,0
DA:309,0
DA:315,0
DA:317,0
DA:319,0
DA:321,0
DA:323,0
DA:324,0
DA:325,0
DA:327,0
DA:328,0
DA:336,1
DA:337,2
DA:338,1
DA:339,1
DA:340,1
DA:341,2
DA:343,1
DA:345,1
DA:346,1
DA:347,1
DA:349,1
DA:351,3
DA:356,1
DA:357,1
DA:358,3
DA:361,0
DA:365,1
DA:366,1
DA:368,1
DA:369,1
DA:371,1
DA:373,2
DA:374,1
DA:376,1
DA:377,1
DA:378,1
DA:380,3
DA:381,0
DA:385,1
DA:386,2
DA:387,3
DA:389,2
DA:395,1
DA:398,1
DA:399,2
DA:400,1
DA:401,0
DA:402,3
DA:411,1
DA:412,2
DA:413,1
DA:415,5
DA:416,1
DA:418,1
DA:419,1
DA:420,1
DA:421,1
DA:422,1
DA:423,1
DA:424,1
DA:425,1
DA:427,1
DA:429,1
DA:430,1
DA:431,1
DA:432,1
DA:433,1
DA:434,3
DA:440,1
DA:441,1
DA:442,1
DA:443,3
DA:451,1
DA:452,1
DA:453,1
DA:456,0
DA:459,1
DA:460,1
DA:461,3
DA:462,0
DA:468,1
DA:469,1
DA:470,1
DA:473,0
DA:476,1
DA:477,1
DA:478,3
DA:479,0
DA:494,1
DA:495,3
DA:496,1
DA:497,1
DA:499,2
DA:502,1
DA:503,1
DA:504,0
DA:507,1
DA:508,1
DA:509,1
DA:510,1
DA:512,1
DA:520,1
DA:521,2
DA:522,0
DA:524,2
LF:253
LH:141
end_of_record
TN:
SF:lib/pages/forgot_password_page.dart
FNF:0
FNH:0
DA:8,1
DA:10,1
DA:11,1
DA:20,1
DA:22,2
DA:23,1
DA:26,1
DA:28,1
DA:29,1
DA:30,1
DA:31,1
DA:33,3
DA:39,1
DA:40,2
DA:41,1
DA:43,1
DA:44,1
DA:45,1
DA:47,1
DA:49,1
DA:50,1
DA:53,1
DA:54,3
DA:57,1
DA:60,2
DA:65,1
DA:67,3
DA:73,1
DA:75,3
DA:76,0
DA:82,1
DA:83,1
DA:89,1
DA:90,1
DA:93,1
DA:95,1
DA:103,1
DA:105,1
DA:106,2
DA:108,1
DA:127,1
DA:128,0
DA:136,1
DA:137,2
DA:138,1
DA:140,1
DA:141,1
DA:143,1
DA:146,1
DA:147,1
DA:150,1
DA:153,0
DA:157,1
DA:159,3
DA:165,1
DA:167,3
DA:168,0
DA:173,1
DA:174,2
DA:175,3
DA:181,1
DA:182,0
DA:189,1
DA:190,3
DA:192,3
DA:193,3
DA:194,3
DA:196,3
DA:199,3
LF:69
LH:64
end_of_record
TN:
SF:lib/pages/friends_page.dart
FNF:0
FNH:0
DA:13,1
DA:15,1
DA:16,1
DA:22,1
DA:24,1
DA:25,2
DA:26,3
DA:27,2
DA:28,1
DA:29,1
DA:33,1
DA:35,2
DA:36,1
DA:39,1
DA:41,1
DA:42,1
DA:44,1
DA:45,2
DA:47,1
DA:48,1
DA:52,1
DA:53,1
DA:54,3
DA:59,1
DA:60,1
DA:61,1
DA:62,1
DA:63,1
DA:65,1
DA:67,1
DA:68,1
DA:69,1
DA:71,1
DA:72,2
DA:73,0
DA:74,0
DA:75,0
DA:80,0
DA:82,0
DA:83,0
DA:85,0
DA:88,1
DA:89,3
DA:90,3
DA:94,1
DA:96,2
DA:97,1
DA:98,1
DA:100,1
DA:101,1
DA:102,1
DA:104,1
DA:106,3
DA:107,0
DA:110,2
DA:116,0
DA:118,0
DA:127,1
DA:128,1
DA:129,0
DA:130,0
DA:131,0
DA:133,0
DA:134,0
DA:135,0
DA:137,0
DA:139,0
DA:144,0
DA:145,0
DA:151,0
DA:153,0
DA:155,0
DA:156,0
DA:157,0
DA:158,0
DA:160,0
DA:161,0
DA:162,0
DA:164,0
DA:167,0
DA:173,0
DA:174,0
DA:176,0
DA:177,0
DA:178,0
DA:179,0
DA:180,0
DA:182,0
DA:183,0
DA:185,0
DA:187,0
DA:188,0
DA:194,0
DA:195,0
DA:197,0
DA:198,0
DA:199,0
DA:200,0
DA:205,0
DA:206,0
DA:208,0
DA:209,0
DA:210,0
DA:211,0
DA:212,0
DA:213,0
DA:214,0
DA:216,0
DA:217,0
DA:218,0
DA:219,0
DA:225,0
DA:226,0
DA:230,0
DA:244,0
DA:245,0
DA:246,0
DA:247,0
DA:248,0
DA:250,0
DA:254,0
DA:255,0
DA:256,0
DA:257,0
DA:258,0
DA:259,0
DA:260,0
DA:261,0
DA:271,0
DA:272,0
DA:273,0
DA:274,0
DA:276,0
DA:278,0
DA:280,0
DA:282,0
DA:283,0
DA:284,0
DA:285,0
DA:286,0
DA:287,0
DA:288,0
DA:290,0
DA:291,0
DA:292,0
DA:293,0
DA:300,0
LF:147
LH:49
end_of_record
TN:
SF:lib/pages/home_page.dart
FNF:0
FNH:0
DA:7,1
DA:9,1
DA:11,1
DA:13,1
DA:14,1
DA:15,1
DA:17,1
DA:18,3
DA:19,1
DA:20,3
DA:21,0
DA:34,1
DA:35,1
DA:36,1
DA:37,1
DA:38,1
DA:42,0
DA:44,0
DA:45,0
DA:46,0
DA:47,0
LF:21
LH:15
end_of_record
TN:
SF:lib/pages/login_page.dart
FNF:0
FNH:0
DA:8,1
DA:10,1
DA:11,1
DA:20,1
DA:22,2
DA:23,2
DA:24,1
DA:27,1
DA:29,1
DA:30,1
DA:32,1
DA:33,1
DA:34,1
DA:36,1
DA:37,1
DA:38,1
DA:40,1
DA:42,1
DA:44,3
DA:49,1
DA:51,3
DA:52,0
DA:57,1
DA:58,1
DA:59,1
DA:60,0
DA:63,0
DA:64,0
DA:65,0
DA:67,0
DA:68,0
DA:69,0
DA:71,0
DA:72,0
DA:74,0
DA:86,1
DA:87,1
DA:93,1
DA:94,1
DA:95,2
DA:101,1
DA:102,1
DA:103,1
DA:104,1
DA:107,1
DA:108,2
DA:109,0
DA:112,1
DA:113,1
DA:119,1
DA:121,1
DA:122,0
DA:128,1
DA:129,1
DA:130,1
DA:132,1
DA:133,2
DA:134,1
DA:143,1
DA:144,1
DA:146,1
DA:148,1
DA:150,3
DA:151,0
DA:160,1
DA:162,1
DA:163,1
DA:164,1
DA:166,1
DA:167,1
DA:170,1
DA:171,2
DA:174,1
DA:175,1
DA:177,1
DA:178,0
DA:192,1
DA:194,1
DA:196,1
DA:197,0
DA:210,1
DA:211,3
DA:213,0
DA:214,0
DA:215,0
DA:218,0
DA:219,0
DA:223,0
DA:224,0
LF:89
LH:66
end_of_record
TN:
SF:lib/pages/profile_page.dart
FNF:0
FNH:0
DA:17,1
DA:19,2
DA:20,2
DA:24,2
DA:26,2
DA:27,6
DA:28,4
DA:29,2
DA:30,2
DA:31,2
DA:35,2
DA:36,2
DA:37,0
DA:39,0
DA:41,0
DA:42,0
DA:43,0
DA:45,0
DA:49,0
DA:50,0
DA:51,0
DA:52,0
DA:53,0
DA:56,0
DA:62,0
DA:65,2
DA:67,2
DA:68,2
DA:70,2
DA:71,2
DA:73,0
DA:75,2
DA:77,0
DA:81,2
DA:82,2
DA:83,2
DA:84,2
DA:85,2
DA:89,2
DA:90,0
DA:91,0
DA:92,0
DA:94,0
DA:95,0
DA:97,0
DA:99,0
DA:100,0
DA:108,2
DA:109,2
DA:110,2
DA:111,2
DA:116,2
DA:117,2
DA:118,2
DA:121,2
DA:122,2
DA:124,2
DA:129,1
DA:131,1
DA:133,2
DA:137,0
DA:139,0
DA:141,2
DA:145,0
DA:147,0
DA:149,2
DA:152,2
DA:153,2
DA:154,0
DA:156,0
DA:170,2
DA:176,2
DA:177,2
DA:179,2
DA:180,2
DA:181,2
DA:182,0
DA:183,2
DA:184,2
DA:185,2
DA:188,2
DA:189,0
DA:192,2
DA:193,2
DA:194,2
DA:199,2
DA:200,0
DA:208,2
DA:211,2
DA:213,2
DA:214,4
DA:217,2
DA:220,4
DA:228,2
DA:229,2
DA:230,6
DA:234,2
DA:235,0
DA:236,0
DA:237,0
DA:238,0
DA:241,1
DA:243,1
DA:245,1
DA:246,0
DA:247,1
DA:249,1
DA:250,1
DA:251,1
DA:254,2
DA:259,1
DA:261,1
DA:262,2
DA:263,3
DA:264,1
DA:266,1
DA:268,1
DA:269,1
DA:271,1
DA:272,2
DA:273,3
DA:285,1
DA:286,1
DA:287,1
DA:288,3
DA:290,1
DA:291,1
DA:292,3
DA:293,1
DA:299,0
DA:301,0
DA:302,0
DA:305,0
DA:306,0
DA:307,0
DA:310,0
DA:311,0
DA:313,0
DA:314,0
DA:315,0
DA:318,0
DA:319,0
DA:320,0
DA:323,0
DA:326,0
DA:327,0
DA:328,0
DA:331,0
DA:332,0
DA:333,0
DA:334,0
DA:335,0
DA:337,0
DA:339,0
DA:340,0
DA:341,0
DA:350,0
DA:352,0
DA:353,0
DA:354,0
DA:361,0
DA:364,0
DA:368,0
DA:369,0
DA:373,0
DA:374,0
LF:166
LH:92
end_of_record
TN:
SF:lib/pages/reset_password_page.dart
FNF:0
FNH:0
DA:10,1
DA:12,1
DA:13,1
DA:25,1
DA:27,1
DA:28,1
DA:31,1
DA:33,2
DA:34,2
DA:35,1
DA:38,1
DA:40,1
DA:41,1
DA:43,1
DA:44,1
DA:46,1
DA:48,0
DA:51,1
DA:52,1
DA:54,1
DA:55,1
DA:56,1
DA:58,1
DA:60,1
DA:61,1
DA:64,1
DA:65,3
DA:68,1
DA:71,2
DA:76,1
DA:78,3
DA:83,1
DA:85,0
DA:86,0
DA:87,0
DA:88,0
DA:93,1
DA:94,1
DA:96,3
DA:97,0
DA:101,1
DA:102,1
DA:103,1
DA:104,1
DA:105,1
DA:108,1
DA:109,1
DA:110,1
DA:115,0
DA:116,0
DA:120,1
DA:121,1
DA:124,0
DA:130,1
DA:131,1
DA:132,1
DA:133,1
DA:134,1
DA:137,1
DA:138,1
DA:139,1
DA:144,0
DA:145,0
DA:149,1
DA:150,3
DA:156,1
DA:157,1
DA:159,1
DA:160,2
DA:162,1
DA:177,1
DA:178,1
DA:179,0
DA:190,1
DA:191,3
DA:193,0
DA:194,0
DA:195,0
DA:196,0
DA:202,0
DA:203,0
DA:204,0
DA:205,0
DA:207,0
DA:209,0
DA:211,0
DA:212,0
DA:213,0
DA:222,0
DA:223,0
DA:224,0
DA:229,1
DA:232,0
DA:233,0
DA:234,0
DA:235,0
DA:242,0
DA:243,0
DA:244,0
DA:246,0
LF:100
LH:64
end_of_record
TN:
SF:lib/pages/settings_page.dart
FNF:0
FNH:0
DA:16,1
DA:18,1
DA:19,1
DA:26,1
DA:28,1
DA:29,1
DA:32,1
DA:33,1
DA:34,1
DA:36,1
DA:37,2
DA:38,1
DA:39,1
DA:43,0
DA:50,0
DA:51,0
DA:53,0
DA:54,0
DA:64,0
DA:67,0
DA:68,0
DA:70,0
DA:71,0
DA:72,0
DA:75,0
DA:76,0
DA:84,1
DA:86,1
DA:87,1
DA:88,1
DA:89,1
DA:90,1
DA:92,1
DA:93,1
DA:94,2
DA:95,1
DA:97,2
DA:100,1
DA:102,2
DA:105,0
DA:107,0
DA:110,1
DA:112,1
DA:113,3
DA:117,1
DA:118,3
DA:123,3
DA:125,2
DA:127,1
DA:131,0
DA:133,1
DA:135,1
DA:136,2
DA:142,0
DA:146,2
DA:147,1
DA:149,1
DA:152,1
DA:156,1
DA:157,1
DA:159,1
DA:161,1
DA:164,1
DA:165,1
DA:166,1
DA:168,2
DA:170,0
DA:176,2
DA:177,1
DA:179,1
DA:182,1
DA:184,1
DA:186,0
DA:188,1
DA:189,1
DA:191,1
DA:193,1
DA:195,1
DA:199,1
DA:202,1
DA:204,1
DA:206,2
DA:216,1
DA:217,1
DA:219,4
DA:222,1
DA:223,1
DA:224,1
DA:225,1
DA:226,0
DA:227,0
DA:229,0
DA:233,1
DA:238,1
DA:239,1
DA:241,1
DA:243,1
DA:244,1
DA:246,1
DA:248,3
DA:249,0
DA:253,1
DA:254,1
DA:259,0
DA:260,0
DA:261,0
DA:264,0
DA:266,0
DA:270,0
DA:271,0
DA:272,0
DA:275,0
DA:276,0
DA:277,0
DA:278,0
DA:280,0
DA:289,0
DA:290,0
DA:292,0
DA:296,0
DA:297,0
DA:299,0
DA:302,0
DA:304,0
DA:306,0
DA:307,0
DA:310,0
DA:312,0
DA:315,0
DA:316,0
DA:317,0
DA:320,0
DA:323,0
DA:325,0
DA:328,0
DA:329,0
DA:330,0
DA:333,0
DA:336,0
DA:338,0
DA:341,0
DA:342,0
DA:343,0
DA:346,0
DA:351,0
DA:353,0
DA:356,0
DA:357,0
DA:358,0
DA:367,0
DA:368,0
DA:369,0
DA:370,0
DA:372,0
DA:374,0
DA:379,0
DA:381,0
DA:383,0
DA:385,0
DA:387,0
DA:388,0
DA:391,0
DA:393,0
DA:394,0
DA:400,0
DA:403,0
DA:404,0
DA:411,0
DA:414,0
DA:416,0
DA:417,0
DA:423,0
DA:424,0
DA:428,0
DA:429,0
DA:438,0
DA:439,0
DA:440,0
DA:443,0
DA:447,0
DA:448,0
DA:449,0
DA:451,0
DA:452,0
DA:453,0
DA:454,0
DA:455,0
DA:456,0
DA:457,0
DA:482,0
DA:483,0
DA:486,0
DA:489,0
DA:490,0
DA:491,0
DA:494,0
DA:495,0
DA:496,0
DA:497,0
DA:498,0
DA:501,0
DA:503,0
DA:505,0
DA:514,1
DA:515,1
DA:518,2
DA:523,1
DA:524,1
DA:525,0
DA:528,1
DA:529,1
DA:530,1
DA:531,1
DA:532,1
DA:533,1
DA:534,2
DA:535,1
DA:536,1
DA:539,1
DA:545,0
DA:548,1
DA:550,1
DA:552,1
LF:223
LH:98
end_of_record
TN:
SF:lib/pages/shop_page.dart
FNF:0
FNH:0
DA:10,1
DA:12,1
DA:13,1
DA:17,1
DA:19,1
DA:20,3
DA:21,3
DA:25,1
DA:27,1
DA:28,1
DA:30,1
DA:31,1
DA:32,1
DA:33,1
DA:34,1
DA:38,1
DA:39,0
DA:40,0
DA:42,0
DA:43,0
DA:45,0
DA:47,0
DA:50,0
DA:51,0
DA:59,1
DA:60,1
DA:61,1
DA:63,1
DA:64,1
DA:66,1
DA:68,3
DA:73,2
DA:74,2
DA:84,1
DA:85,1
DA:86,1
DA:88,1
DA:89,1
DA:91,1
DA:92,1
DA:93,1
DA:96,1
DA:97,3
DA:98,1
DA:100,1
DA:102,2
DA:107,1
DA:108,1
DA:110,1
DA:111,1
DA:113,3
DA:114,0
DA:118,1
DA:119,2
DA:120,3
DA:123,0
DA:128,1
DA:130,3
DA:131,0
DA:140,1
DA:145,1
DA:146,1
DA:147,3
DA:149,1
DA:151,1
DA:153,1
DA:155,1
DA:156,1
DA:157,1
DA:158,1
DA:161,1
DA:162,3
DA:163,1
DA:165,1
DA:166,1
DA:167,2
DA:172,1
DA:173,1
DA:175,1
DA:176,1
DA:177,1
DA:178,3
DA:183,1
DA:184,1
DA:185,3
DA:186,0
DA:195,1
DA:196,1
DA:198,1
DA:199,1
DA:204,1
DA:205,0
DA:206,1
DA:208,1
DA:209,2
DA:210,2
DA:211,2
DA:212,3
DA:213,0
DA:217,1
DA:219,1
DA:224,1
DA:225,3
DA:226,1
DA:228,1
DA:230,1
DA:231,1
DA:234,2
DA:237,1
DA:238,2
DA:239,3
DA:240,2
DA:247,1
DA:249,1
DA:251,1
DA:252,2
DA:255,1
DA:271,1
DA:276,1
DA:277,1
DA:279,1
DA:282,2
DA:283,3
DA:284,1
DA:285,3
DA:287,1
DA:288,1
DA:289,0
DA:292,1
DA:293,0
DA:294,0
DA:296,0
DA:297,0
DA:298,0
DA:299,0
DA:302,0
DA:303,0
DA:304,0
DA:305,0
DA:306,0
DA:309,0
DA:310,0
DA:311,0
DA:312,0
DA:313,0
DA:316,0
LF:146
LH:114
end_of_record
TN:
SF:lib/pages/signup_page.dart
FNF:0
FNH:0
DA:9,1
DA:11,1
DA:12,1
DA:26,1
DA:28,1
DA:29,3
DA:32,1
DA:33,2
DA:35,3
DA:36,3
DA:37,3
DA:38,3
DA:39,3
DA:40,3
DA:41,3
DA:42,4
DA:45,1
DA:47,2
DA:48,2
DA:49,2
DA:50,2
DA:51,1
DA:54,1
DA:56,1
DA:57,1
DA:59,1
DA:60,1
DA:61,1
DA:62,1
DA:64,1
DA:65,1
DA:66,1
DA:68,1
DA:69,1
DA:71,3
DA:76,1
DA:78,3
DA:79,0
DA:84,1
DA:85,1
DA:86,1
DA:87,0
DA:90,0
DA:91,0
DA:92,0
DA:94,0
DA:101,1
DA:102,1
DA:107,1
DA:108,1
DA:109,0
DA:110,0
DA:116,1
DA:117,1
DA:123,1
DA:124,1
DA:125,0
DA:131,1
DA:132,1
DA:133,1
DA:134,1
DA:137,1
DA:138,2
DA:139,0
DA:142,1
DA:143,1
DA:144,0
DA:148,4
DA:150,1
DA:151,1
DA:152,3
DA:153,1
DA:154,2
DA:155,0
DA:156,2
DA:157,0
DA:158,0
DA:162,1
DA:164,1
DA:165,1
DA:166,1
DA:167,1
DA:170,1
DA:171,2
DA:172,0
DA:175,1
DA:176,3
DA:180,1
DA:182,1
DA:183,1
DA:184,6
DA:185,1
DA:186,1
DA:187,1
DA:188,3
DA:189,0
DA:191,1
DA:193,1
DA:195,3
DA:196,2
DA:204,1
DA:206,1
DA:207,1
DA:208,1
DA:210,1
DA:211,3
DA:212,1
DA:219,1
DA:221,1
DA:223,1
DA:225,1
DA:226,0
DA:239,1
DA:240,3
DA:241,0
DA:242,0
DA:246,0
DA:247,0
DA:248,0
DA:249,0
DA:250,0
DA:253,0
DA:254,0
DA:255,0
DA:257,0
DA:262,0
DA:263,0
DA:264,0
DA:266,0
DA:268,0
DA:271,0
DA:274,0
DA:277,0
DA:278,0
DA:279,0
DA:280,0
DA:281,0
LF:137
LH:97
end_of_record
TN:
SF:lib/pages/splash_page.dart
FNF:0
FNH:0
DA:4,1
DA:6,1
DA:9,1
DA:10,1
DA:21,1
DA:22,1
DA:24,1
DA:25,1
DA:28,1
DA:30,1
DA:31,1
DA:32,1
DA:33,1
DA:46,1
DA:48,4
DA:54,1
DA:56,4
DA:57,1
LF:18
LH:18
end_of_record
TN:
SF:lib/pages/timetable_page.dart
FNF:0
FNH:0
DA:13,1
DA:16,2
DA:17,2
DA:32,2
DA:34,2
DA:38,4
DA:44,4
DA:47,2
DA:48,4
DA:52,6
DA:53,2
DA:54,8
DA:55,2
DA:61,6
DA:65,2
DA:67,4
DA:68,6
DA:69,4
DA:70,4
DA:71,2
DA:75,1
DA:76,4
DA:77,4
DA:82,2
DA:83,6
DA:84,4
DA:85,1
DA:89,2
DA:91,1
DA:93,3
DA:95,1
DA:96,1
DA:101,0
DA:103,0
DA:104,0
DA:109,2
DA:119,0
DA:120,0
DA:123,0
DA:124,0
DA:128,0
DA:131,0
DA:132,0
DA:134,0
DA:135,0
DA:136,0
DA:138,0
DA:142,0
DA:143,0
DA:146,0
DA:147,0
DA:151,0
DA:154,0
DA:155,0
DA:157,0
DA:158,0
DA:159,0
DA:161,0
DA:165,2
DA:167,2
DA:168,2
DA:170,2
DA:171,2
DA:173,0
DA:174,0
DA:175,0
DA:177,0
DA:178,0
DA:183,2
DA:184,2
DA:185,2
DA:190,2
DA:191,0
DA:195,2
DA:196,2
DA:197,2
DA:198,2
DA:199,2
DA:200,2
DA:201,2
DA:212,2
DA:213,4
DA:214,2
DA:216,6
DA:220,4
DA:221,2
DA:224,2
DA:227,2
DA:228,4
DA:229,2
DA:230,6
DA:233,2
DA:234,2
DA:236,2
DA:238,0
DA:239,0
DA:240,0
DA:245,2
DA:246,2
DA:247,2
DA:248,2
DA:249,4
DA:251,6
DA:254,2
DA:255,4
DA:256,2
DA:257,2
DA:258,0
DA:259,0
DA:261,0
DA:262,0
DA:263,0
DA:264,0
DA:266,0
DA:267,0
DA:268,0
DA:272,0
DA:274,0
DA:275,0
DA:277,0
DA:278,0
DA:279,0
DA:282,2
DA:284,2
DA:287,4
DA:289,0
DA:290,0
DA:292,2
DA:294,2
DA:296,2
DA:297,2
DA:298,6
DA:301,2
DA:306,4
DA:308,0
DA:309,0
DA:313,2
DA:314,4
DA:317,2
DA:322,4
DA:324,0
DA:325,4
DA:335,2
DA:336,1
DA:338,1
DA:339,3
DA:340,2
DA:346,1
DA:350,1
DA:351,1
DA:352,3
DA:358,2
DA:360,0
DA:361,0
DA:362,0
DA:372,2
DA:374,2
DA:375,7
DA:376,2
DA:379,4
DA:380,2
DA:383,4
DA:384,1
DA:385,1
DA:387,1
DA:388,1
DA:390,3
DA:392,1
DA:394,1
DA:402,1
DA:403,0
DA:404,0
DA:406,0
DA:407,0
DA:409,0
DA:410,0
DA:411,0
DA:419,1
DA:420,1
DA:422,1
DA:424,1
DA:425,1
DA:427,1
DA:428,2
DA:429,1
DA:430,1
DA:431,2
DA:432,1
DA:433,1
DA:434,2
DA:437,1
DA:440,1
DA:441,1
DA:442,1
DA:444,0
DA:458,1
DA:459,1
DA:460,1
DA:462,1
DA:463,2
DA:464,1
DA:465,1
DA:467,4
DA:470,1
DA:471,1
DA:473,4
DA:474,2
DA:477,1
DA:481,1
DA:485,3
DA:488,3
DA:497,3
DA:501,2
DA:502,1
DA:503,1
DA:515,1
DA:516,1
DA:517,4
DA:518,1
DA:519,1
DA:522,1
DA:523,1
DA:528,2
DA:532,3
DA:533,4
DA:536,1
DA:540,1
DA:541,1
DA:542,1
DA:545,1
DA:550,2
DA:557,1
DA:561,6
DA:562,6
DA:563,1
DA:564,1
DA:565,1
DA:566,1
DA:567,1
DA:570,1
DA:575,2
DA:576,1
DA:579,1
DA:580,2
DA:581,1
DA:586,5
DA:587,1
DA:592,1
DA:593,0
DA:594,0
DA:595,1
DA:596,0
DA:597,2
DA:598,0
DA:602,2
DA:604,0
DA:605,3
DA:610,1
DA:611,1
DA:617,1
DA:618,1
DA:621,1
DA:625,1
DA:627,1
DA:628,3
DA:629,1
DA:630,2
DA:631,1
DA:634,1
DA:636,1
DA:637,2
DA:639,1
DA:641,1
DA:644,1
DA:646,1
DA:647,1
DA:648,1
DA:649,0
DA:651,0
DA:657,1
DA:658,0
DA:660,0
DA:666,1
DA:667,1
DA:670,1
DA:671,1
DA:672,1
DA:673,1
DA:674,1
DA:675,1
DA:680,1
DA:681,2
DA:693,3
DA:695,1
DA:696,1
DA:697,1
DA:703,1
DA:704,1
DA:705,1
DA:706,1
DA:718,0
DA:720,0
DA:721,0
DA:722,0
DA:728,0
DA:729,0
DA:730,0
DA:749,1
DA:753,1
DA:754,1
DA:755,5
DA:758,2
DA:759,1
DA:761,5
DA:762,1
DA:765,1
DA:768,1
DA:769,1
DA:770,1
DA:771,1
DA:774,1
DA:776,1
DA:780,1
DA:781,1
DA:782,3
DA:783,3
DA:791,1
DA:792,1
DA:793,1
DA:795,1
DA:796,1
DA:797,3
DA:798,0
DA:804,1
DA:805,1
DA:806,1
DA:808,1
DA:809,1
DA:810,1
DA:811,3
DA:812,0
DA:819,1
DA:820,1
DA:821,1
DA:822,1
DA:824,1
DA:826,1
DA:831,1
DA:832,0
DA:833,1
DA:834,0
DA:835,2
DA:838,5
DA:841,0
DA:843,0
DA:844,0
DA:845,0
DA:847,0
DA:848,0
DA:849,0
DA:861,1
DA:862,1
DA:864,2
DA:867,1
DA:868,1
DA:869,0
DA:876,0
DA:877,0
DA:880,0
DA:881,0
DA:887,1
DA:888,3
DA:892,2
DA:893,14
DA:897,0
DA:898,0
DA:899,0
DA:900,0
DA:901,0
DA:902,0
DA:906,2
DA:907,6
DA:908,6
DA:909,6
DA:913,2
DA:914,2
DA:915,6
DA:916,6
DA:917,6
LF:389
LH:286
end_of_record
TN:
SF:lib/pages/user_profile_page.dart
FNF:0
FNH:0
DA:18,0
DA:24,1
DA:25,1
DA:46,1
DA:48,1
DA:49,1
DA:52,1
DA:53,2
DA:54,1
DA:55,1
DA:59,4
DA:60,0
DA:61,0
DA:62,0
DA:63,0
DA:64,0
DA:67,0
DA:68,0
DA:71,0
DA:72,0
DA:75,0
DA:76,0
DA:77,0
DA:78,0
DA:79,0
DA:80,0
DA:81,0
DA:82,0
DA:83,0
DA:84,0
DA:87,2
DA:88,1
DA:89,2
DA:94,1
DA:96,1
DA:97,4
DA:98,1
DA:99,1
DA:100,1
DA:102,0
DA:103,0
DA:104,0
DA:106,0
DA:107,0
DA:111,0
DA:113,0
DA:116,0
DA:118,0
DA:119,0
DA:125,0
DA:126,0
DA:127,0
DA:130,0
DA:131,0
DA:133,0
DA:137,0
DA:138,0
DA:140,0
DA:142,0
DA:145,0
DA:146,0
DA:148,0
DA:150,0
DA:153,0
DA:154,0
DA:156,0
DA:158,0
DA:161,0
DA:162,0
DA:164,0
DA:176,0
DA:177,0
DA:178,0
DA:179,0
DA:180,0
DA:183,0
DA:184,0
DA:185,0
DA:186,0
DA:188,0
DA:189,0
DA:190,0
DA:192,0
DA:195,0
DA:196,0
DA:202,0
DA:203,0
DA:204,0
DA:208,0
DA:209,0
DA:210,0
DA:211,0
DA:212,0
DA:215,0
DA:217,0
DA:219,0
DA:220,0
DA:221,0
DA:223,0
DA:224,0
DA:225,0
DA:228,0
DA:233,0
DA:235,0
DA:237,0
DA:239,0
DA:240,0
DA:241,0
DA:243,0
DA:244,0
DA:245,0
DA:246,0
DA:249,0
DA:255,0
DA:256,0
DA:257,0
DA:258,0
DA:261,0
DA:262,0
DA:263,0
DA:265,0
DA:266,0
DA:267,0
DA:268,0
DA:269,0
DA:272,0
DA:278,0
DA:279,0
DA:280,0
DA:281,0
DA:283,0
DA:284,0
DA:289,0
DA:290,0
DA:292,0
DA:293,0
DA:295,0
DA:299,0
DA:300,0
DA:302,0
DA:304,0
DA:316,0
DA:317,0
DA:318,0
DA:319,0
DA:321,0
DA:322,0
DA:323,0
DA:324,0
LF:149
LH:19
end_of_record
TN:
SF:lib/providers/auth_provider.dart
FNF:0
FNH:0
DA:23,2
DA:24,0
DA:25,2
DA:26,0
DA:27,3
DA:29,1
DA:30,1
DA:33,1
DA:34,3
DA:35,1
DA:36,1
DA:38,5
DA:39,1
DA:40,1
DA:41,0
DA:42,0
DA:43,0
DA:45,1
DA:46,1
DA:47,1
DA:49,0
DA:50,0
DA:51,0
DA:52,0
DA:54,0
DA:55,0
DA:60,1
DA:64,1
DA:69,1
DA:70,1
DA:71,1
DA:73,2
DA:79,1
DA:80,0
DA:81,0
DA:83,0
DA:84,0
DA:86,0
DA:89,2
DA:90,1
DA:91,1
DA:96,1
DA:97,1
DA:98,1
DA:99,1
DA:101,2
DA:103,1
DA:104,0
DA:105,0
DA:106,0
DA:109,2
DA:110,1
DA:111,1
DA:116,1
DA:117,1
DA:118,1
DA:119,1
DA:121,2
DA:122,2
DA:123,2
DA:124,1
DA:125,1
DA:131,1
DA:132,1
DA:133,1
DA:134,1
DA:135,1
DA:138,0
DA:139,0
DA:140,0
DA:142,0
DA:143,0
DA:144,0
DA:145,0
DA:146,0
DA:149,0
DA:150,0
DA:151,0
DA:155,1
DA:156,1
DA:157,2
DA:158,1
DA:159,2
DA:160,1
DA:166,1
DA:167,1
DA:168,2
DA:169,1
DA:170,2
DA:171,1
DA:177,1
DA:178,2
DA:179,1
DA:180,1
DA:181,1
DA:184,1
DA:185,1
DA:186,1
DA:187,1
DA:189,2
DA:190,1
DA:191,2
DA:192,1
DA:193,1
DA:194,1
DA:198,0
DA:199,0
DA:200,0
DA:204,1
DA:205,1
DA:206,1
DA:209,1
DA:211,2
DA:212,1
LF:114
LH:81
end_of_record
TN:
SF:lib/providers/checkin_provider.dart
FNF:0
FNH:0
DA:36,2
DA:37,2
DA:38,2
DA:39,2
DA:40,2
DA:41,0
DA:42,2
DA:44,2
DA:45,2
DA:46,1
DA:47,3
DA:48,1
DA:49,1
DA:51,0
DA:53,1
DA:54,1
DA:55,1
DA:56,1
DA:57,1
DA:61,0
DA:64,0
DA:66,0
DA:67,0
DA:70,1
DA:71,1
DA:72,1
DA:73,1
DA:74,1
DA:75,1
DA:76,1
DA:80,2
DA:81,0
DA:82,0
DA:83,0
DA:84,0
DA:85,0
DA:90,0
DA:92,0
DA:93,0
DA:94,0
DA:96,0
DA:97,0
DA:99,0
DA:102,0
DA:103,0
DA:104,0
DA:106,0
DA:107,0
DA:108,0
DA:109,0
DA:111,0
DA:112,0
DA:114,0
DA:117,0
DA:121,0
DA:123,1
DA:124,2
DA:125,1
DA:129,0
DA:130,0
DA:131,0
DA:132,0
DA:133,0
DA:138,0
DA:139,0
DA:140,0
DA:141,0
DA:145,0
DA:146,0
DA:147,0
DA:150,0
DA:151,0
DA:152,0
DA:155,1
DA:156,1
DA:157,0
DA:158,0
DA:159,0
DA:161,0
DA:165,0
DA:166,0
DA:170,0
DA:171,0
DA:172,0
DA:173,0
DA:174,0
DA:175,0
DA:177,0
DA:181,0
DA:182,0
DA:183,0
DA:185,0
DA:186,0
DA:187,0
DA:191,1
DA:192,1
DA:194,0
DA:196,0
DA:198,0
DA:199,0
DA:201,0
DA:203,0
DA:204,0
DA:205,0
DA:206,0
DA:209,0
DA:212,0
DA:213,0
DA:214,0
DA:216,0
DA:217,0
DA:221,2
LF:112
LH:33
end_of_record
TN:
SF:lib/providers/friends_provider.dart
FNF:0
FNH:0
DA:18,2
DA:19,2
DA:20,2
DA:21,2
DA:22,2
DA:23,2
DA:24,0
DA:26,1
DA:27,1
DA:28,1
DA:31,2
DA:32,0
DA:33,0
DA:34,0
DA:36,1
DA:37,2
DA:38,1
DA:42,1
DA:43,1
DA:44,1
DA:47,2
DA:48,1
DA:49,1
DA:51,0
DA:52,0
DA:54,1
DA:55,2
DA:56,1
DA:60,1
DA:61,2
DA:62,1
DA:65,1
DA:66,2
DA:67,1
DA:68,1
DA:71,1
DA:73,2
DA:75,2
DA:76,1
DA:80,1
DA:81,2
DA:82,0
DA:85,1
DA:86,2
DA:87,0
DA:88,0
DA:91,1
DA:92,2
DA:93,0
DA:94,0
LF:50
LH:39
end_of_record
TN:
SF:lib/providers/profile_provider.dart
FNF:0
FNH:0
DA:22,2
DA:23,2
DA:24,2
DA:25,2
DA:26,2
DA:27,0
DA:28,2
DA:29,2
DA:30,0
DA:32,1
DA:33,1
DA:34,1
DA:35,1
DA:39,2
DA:41,0
DA:42,0
DA:43,0
DA:44,0
DA:45,0
DA:46,0
DA:47,0
DA:48,0
DA:50,1
DA:51,2
DA:52,1
DA:56,1
DA:58,2
DA:59,0
DA:61,2
DA:62,1
DA:66,0
DA:67,0
DA:68,0
DA:71,0
DA:72,0
DA:73,0
DA:74,0
DA:75,0
DA:77,0
DA:83,0
DA:84,0
DA:85,0
DA:87,0
DA:88,0
DA:90,0
DA:91,0
DA:95,1
DA:96,1
DA:97,1
DA:100,2
DA:101,5
DA:102,0
DA:104,2
DA:105,1
DA:107,1
DA:108,1
DA:112,1
DA:113,1
DA:116,2
LF:59
LH:31
end_of_record
TN:
SF:lib/providers/shop_provider.dart
FNF:0
FNH:0
DA:17,2
DA:18,2
DA:19,2
DA:20,2
DA:21,2
DA:22,0
DA:24,1
DA:25,1
DA:26,1
DA:27,1
DA:30,2
DA:31,2
DA:32,2
DA:35,0
DA:36,0
DA:38,0
DA:39,0
DA:41,0
DA:42,0
DA:43,0
DA:44,0
DA:46,0
DA:47,0
DA:48,0
DA:52,0
DA:54,0
DA:55,0
DA:57,1
DA:58,2
DA:59,1
DA:63,1
DA:64,1
DA:65,1
DA:66,1
DA:69,2
DA:70,0
DA:71,0
DA:74,0
DA:75,0
DA:76,0
DA:77,0
DA:80,0
DA:82,0
DA:83,0
DA:86,1
DA:87,1
DA:88,2
DA:91,1
DA:96,1
DA:97,1
DA:98,1
DA:99,1
DA:102,2
DA:103,0
DA:105,0
DA:107,0
DA:108,0
DA:111,1
DA:112,1
DA:113,2
DA:116,1
DA:121,1
DA:122,1
DA:123,1
LF:64
LH:36
end_of_record
TN:
SF:lib/providers/theme_provider.dart
FNF:0
FNH:0
DA:17,3
DA:18,0
DA:19,2
DA:21,3
DA:22,3
DA:23,3
DA:25,3
DA:27,3
DA:29,3
DA:34,3
DA:35,3
DA:38,3
DA:40,3
DA:41,3
DA:45,1
DA:46,1
DA:47,1
DA:48,1
DA:50,0
DA:51,0
DA:52,0
DA:53,0
DA:55,0
DA:56,0
DA:57,0
DA:58,0
DA:60,0
DA:61,0
DA:62,0
DA:63,0
DA:66,1
DA:70,0
DA:74,1
DA:75,2
DA:77,1
DA:80,1
DA:81,1
DA:82,1
DA:84,1
DA:85,1
DA:86,1
DA:88,1
DA:89,1
DA:90,1
DA:92,1
DA:93,1
DA:94,1
DA:98,1
DA:101,1
DA:105,1
DA:108,1
DA:111,1
DA:114,1
DA:119,1
DA:121,0
LF:55
LH:40
end_of_record
TN:
SF:lib/providers/timetable_provider.dart
FNF:0
FNH:0
DA:15,2
DA:16,0
DA:17,2
DA:18,2
DA:19,2
DA:20,2
DA:22,1
DA:23,1
DA:24,1
DA:25,0
DA:26,0
DA:31,1
DA:32,2
DA:34,1
DA:35,1
DA:36,1
DA:39,3
DA:40,0
DA:41,0
DA:43,1
DA:44,2
DA:45,1
DA:49,1
DA:50,1
DA:51,1
DA:52,1
DA:55,2
DA:56,0
DA:57,0
DA:60,1
DA:61,2
DA:62,1
DA:67,4
DA:68,4
DA:69,3
DA:71,1
DA:72,7
LF:37
LH:30
end_of_record
TN:
SF:lib/repositories/attendance_repository.dart
FNF:0
FNH:0
DA:5,6
DA:6,2
DA:8,1
DA:9,1
DA:11,1
DA:12,1
DA:13,1
DA:14,2
DA:15,1
DA:16,1
DA:17,0
DA:20,1
DA:21,1
DA:23,1
DA:24,1
DA:25,1
DA:26,2
DA:27,1
DA:28,1
DA:29,1
DA:30,1
DA:31,0
DA:34,1
DA:40,1
DA:43,1
DA:44,1
DA:45,2
DA:46,1
DA:48,2
DA:53,1
DA:54,1
DA:57,0
DA:59,0
DA:61,0
DA:63,0
DA:66,1
DA:70,1
DA:71,1
DA:72,2
DA:73,1
DA:76,1
DA:77,1
DA:78,2
DA:80,2
DA:84,1
DA:85,1
DA:86,1
DA:87,4
DA:88,1
DA:91,1
DA:92,1
DA:93,1
DA:94,1
DA:95,1
DA:96,1
DA:97,1
DA:98,4
DA:99,3
DA:102,1
DA:103,1
DA:104,1
DA:105,2
DA:106,1
DA:108,0
DA:109,0
DA:110,0
DA:111,0
DA:113,0
DA:114,0
DA:115,0
DA:116,0
DA:117,0
DA:125,0
DA:126,0
DA:127,0
DA:128,0
DA:131,0
DA:132,0
DA:133,0
DA:134,0
DA:137,0
DA:142,0
DA:143,0
DA:147,1
DA:148,1
DA:149,3
DA:151,1
DA:152,1
DA:153,1
DA:154,2
DA:155,2
DA:157,0
DA:158,0
DA:159,0
DA:161,0
DA:162,0
DA:165,0
DA:166,0
DA:167,0
DA:169,0
DA:170,0
DA:176,1
DA:177,1
DA:178,1
DA:179,1
DA:180,1
DA:181,1
DA:182,1
DA:183,4
DA:184,3
DA:188,1
DA:189,1
DA:190,1
DA:191,1
DA:192,1
DA:196,0
DA:206,0
DA:207,0
DA:208,0
DA:209,0
DA:211,0
DA:212,0
DA:213,0
DA:214,0
DA:215,0
DA:223,0
DA:224,0
DA:225,0
DA:226,0
DA:229,0
DA:230,0
DA:231,0
DA:232,0
DA:235,0
DA:240,0
DA:241,0
DA:245,1
DA:246,1
DA:247,3
DA:249,1
DA:250,1
DA:251,1
DA:252,1
DA:253,2
DA:255,0
DA:256,0
DA:257,0
DA:259,0
DA:260,0
DA:263,0
DA:264,0
DA:265,0
DA:267,0
DA:268,0
LF:154
LH:87
end_of_record
TN:
SF:lib/repositories/base_repository.dart
FNF:0
FNH:0
DA:4,5
DA:5,7
DA:7,2
DA:8,2
DA:9,1
LF:5
LH:5
end_of_record
TN:
SF:lib/repositories/friends_repository.dart
FNF:0
FNH:0
DA:5,9
DA:6,3
DA:8,1
DA:9,1
DA:12,1
DA:13,1
DA:14,1
DA:15,1
DA:16,3
DA:18,1
DA:21,0
DA:22,0
DA:23,0
DA:25,0
DA:26,0
DA:27,0
DA:29,0
DA:31,0
DA:35,0
DA:42,1
DA:43,1
DA:45,0
DA:46,0
DA:47,0
DA:48,0
DA:49,0
DA:50,0
DA:51,0
DA:52,0
DA:55,1
DA:56,1
DA:58,0
DA:59,0
DA:60,0
DA:67,0
DA:68,0
DA:70,0
DA:72,0
DA:73,0
DA:74,0
DA:75,0
DA:79,0
DA:80,0
DA:81,0
DA:82,0
DA:83,0
DA:85,0
DA:86,0
DA:87,0
DA:88,0
DA:89,0
DA:91,0
DA:92,0
DA:94,0
DA:95,0
DA:96,0
DA:97,0
DA:98,0
DA:106,1
DA:107,1
DA:109,0
DA:110,0
DA:111,0
DA:114,0
DA:115,0
DA:118,0
DA:119,0
DA:120,0
DA:122,0
DA:125,1
DA:126,1
DA:129,0
DA:130,0
DA:131,0
DA:132,0
DA:133,0
DA:135,0
DA:138,0
DA:141,0
DA:142,0
DA:148,1
DA:149,1
DA:150,1
DA:151,2
DA:152,1
DA:153,1
DA:156,1
DA:157,1
DA:158,1
DA:159,2
DA:160,1
DA:161,1
DA:164,1
DA:165,4
LF:94
LH:32
end_of_record
TN:
SF:lib/repositories/leaderboard_repository.dart
FNF:0
FNH:0
DA:5,6
DA:6,2
DA:9,1
DA:14,1
DA:17,1
DA:18,1
DA:25,1
DA:26,1
DA:33,0
DA:34,0
DA:35,0
DA:36,0
DA:44,0
DA:45,0
DA:52,0
DA:53,0
DA:59,1
DA:60,1
DA:61,0
DA:63,0
DA:70,1
DA:71,1
DA:72,0
DA:73,0
DA:74,0
DA:75,0
DA:76,0
DA:78,0
DA:79,0
DA:80,0
DA:81,0
DA:83,0
DA:86,1
DA:93,1
DA:94,1
DA:95,1
DA:98,0
DA:101,2
DA:103,0
DA:104,0
DA:105,0
DA:106,0
DA:109,0
DA:112,0
DA:116,0
DA:117,0
DA:118,0
DA:121,0
DA:125,0
DA:126,0
DA:128,0
DA:129,0
DA:130,0
DA:131,0
DA:132,0
DA:134,0
DA:135,0
DA:137,0
DA:138,0
DA:141,0
DA:142,0
DA:145,0
DA:148,0
DA:152,0
DA:154,0
DA:160,0
DA:161,0
DA:162,0
DA:163,0
DA:165,0
DA:166,0
DA:168,0
DA:169,0
DA:172,0
DA:173,0
DA:176,0
LF:76
LH:17
end_of_record
TN:
SF:lib/repositories/shop_repository.dart
FNF:0
FNH:0
DA:6,6
DA:7,2
DA:20,2
DA:22,1
DA:23,1
DA:24,2
DA:26,1
DA:27,1
DA:34,0
DA:35,0
DA:39,1
DA:41,1
DA:42,0
DA:44,0
DA:45,0
DA:53,0
DA:54,0
DA:56,0
DA:59,1
DA:60,1
DA:61,0
DA:62,0
DA:63,0
DA:64,0
DA:65,0
DA:66,0
DA:69,0
DA:70,0
LF:28
LH:12
end_of_record
TN:
SF:lib/repositories/timetable_repository.dart
FNF:0
FNH:0
DA:6,3
DA:7,1
DA:11,1
DA:12,1
DA:13,1
DA:14,1
DA:15,1
DA:16,2
DA:17,1
DA:18,0
DA:21,1
DA:22,1
DA:23,0
DA:24,0
DA:25,0
DA:26,0
DA:27,0
DA:28,0
DA:29,0
DA:32,1
DA:33,1
DA:34,0
DA:35,0
DA:37,0
DA:38,0
DA:39,0
DA:40,0
DA:41,0
DA:42,0
DA:43,0
DA:45,0
DA:48,1
DA:49,1
DA:50,0
DA:51,0
DA:53,0
DA:54,0
DA:55,0
DA:56,0
DA:57,0
DA:58,0
DA:59,0
DA:61,0
DA:64,1
DA:65,1
DA:66,0
DA:67,0
DA:69,0
DA:70,0
DA:71,0
DA:72,0
DA:73,0
DA:74,0
DA:75,0
DA:76,0
DA:78,0
DA:81,1
DA:82,1
DA:84,0
DA:85,0
DA:86,0
DA:88,0
DA:92,0
DA:93,0
DA:95,0
DA:96,0
DA:97,0
DA:98,0
DA:99,0
DA:100,0
DA:103,0
DA:104,0
DA:106,0
DA:107,0
DA:111,0
DA:112,0
DA:114,0
DA:116,0
DA:126,0
DA:128,0
DA:129,0
LF:81
LH:19
end_of_record
TN:
SF:lib/repositories/user_repository.dart
FNF:0
FNH:0
DA:5,9
DA:6,3
DA:8,1
DA:9,1
DA:11,1
DA:12,1
DA:13,1
DA:14,2
DA:15,1
DA:16,0
DA:19,1
DA:20,1
DA:22,0
DA:23,0
DA:24,0
DA:25,0
DA:26,0
DA:27,0
DA:30,1
DA:31,1
DA:33,0
DA:34,0
DA:35,0
DA:36,0
DA:37,0
DA:38,0
DA:41,1
DA:42,1
DA:43,0
DA:44,0
DA:45,0
DA:46,0
DA:49,0
DA:50,0
DA:51,0
DA:55,1
DA:61,1
DA:62,1
DA:63,1
DA:64,0
DA:65,0
DA:66,0
DA:67,1
DA:69,5
DA:72,1
DA:73,1
DA:74,1
DA:75,1
DA:76,1
DA:77,2
DA:78,2
DA:79,1
DA:80,0
DA:84,2
DA:85,2
DA:87,0
DA:88,0
DA:91,1
DA:92,1
DA:94,0
DA:95,0
DA:96,0
DA:97,0
DA:98,0
DA:102,0
DA:105,0
DA:108,1
DA:109,1
DA:110,0
DA:112,0
DA:114,0
DA:117,1
DA:118,1
DA:120,0
DA:121,0
DA:122,0
DA:123,0
DA:124,0
DA:128,0
DA:131,0
LF:80
LH:37
end_of_record
TN:
SF:lib/router/app_router.dart
FNF:0
FNH:0
DA:19,1
DA:24,1
DA:25,1
DA:28,1
DA:29,1
DA:30,2
DA:37,1
DA:38,1
DA:39,1
DA:41,1
DA:45,1
DA:46,1
DA:48,2
DA:50,2
DA:51,2
DA:52,2
DA:53,2
DA:54,2
DA:57,0
DA:62,2
DA:74,0
DA:75,0
DA:81,1
DA:83,1
DA:86,1
DA:87,1
DA:89,0
DA:91,1
DA:93,0
DA:95,1
DA:97,0
DA:101,1
DA:103,2
DA:104,1
DA:105,1
DA:108,2
DA:113,1
DA:114,1
DA:116,0
DA:118,1
DA:120,0
DA:124,1
DA:127,2
DA:133,1
DA:136,2
DA:142,1
DA:145,2
DA:150,1
DA:151,1
DA:153,0
DA:154,0
DA:155,0
DA:156,0
DA:158,0
DA:167,0
DA:168,0
DA:169,0
DA:171,0
DA:172,0
DA:175,0
DA:178,0
DA:180,0
DA:181,0
LF:63
LH:41
end_of_record
TN:
SF:lib/services/auth_service.dart
FNF:0
FNH:0
DA:9,3
DA:10,1
DA:14,4
DA:15,4
DA:16,4
DA:17,2
DA:18,2
DA:20,1
DA:26,2
DA:27,1
DA:29,2
DA:30,1
DA:35,0
DA:36,0
DA:37,0
DA:38,0
DA:39,0
DA:42,0
DA:45,0
DA:48,0
DA:51,0
DA:52,0
DA:55,0
DA:56,0
DA:57,0
DA:63,0
DA:64,0
DA:65,0
DA:67,0
DA:71,1
DA:76,3
DA:81,0
DA:82,0
DA:85,0
DA:86,1
DA:87,3
DA:89,0
DA:93,1
DA:96,1
DA:99,3
DA:101,1
DA:104,0
DA:106,1
DA:110,1
DA:113,1
DA:116,3
DA:118,1
DA:121,0
DA:122,1
DA:123,3
DA:125,0
DA:129,1
DA:131,3
DA:133,1
DA:135,0
DA:136,1
DA:137,3
DA:139,0
DA:143,1
DA:145,4
DA:146,0
DA:148,1
DA:152,1
DA:153,3
DA:156,1
DA:158,1
DA:160,1
DA:162,0
DA:163,0
DA:164,0
DA:165,0
DA:166,0
DA:168,0
DA:172,1
DA:173,3
DA:174,0
DA:178,0
DA:183,1
DA:184,3
DA:185,0
DA:189,0
DA:194,1
DA:195,1
DA:198,1
DA:201,1
DA:216,1
DA:225,1
DA:230,1
DA:238,1
DA:239,1
DA:242,1
DA:243,1
LF:92
LH:55
end_of_record
TN:
SF:lib/services/ical_service.dart
FNF:0
FNH:0
DA:8,6
DA:9,2
DA:11,1
DA:13,1
DA:14,0
DA:20,0
DA:21,0
DA:22,0
DA:23,0
DA:25,0
DA:28,1
DA:29,1
DA:34,1
DA:35,1
DA:36,2
DA:37,3
DA:39,0
DA:43,0
DA:44,0
DA:46,0
DA:49,0
DA:50,0
DA:51,0
DA:52,0
DA:54,0
DA:56,0
DA:60,0
DA:61,0
DA:65,0
DA:66,0
DA:67,0
DA:69,0
DA:70,0
DA:71,0
DA:72,0
DA:75,0
DA:76,0
DA:78,0
DA:79,0
DA:83,0
DA:85,0
DA:86,0
DA:87,0
DA:90,0
DA:91,0
DA:92,0
DA:99,0
DA:100,0
DA:101,0
DA:102,0
DA:103,0
DA:106,0
DA:107,0
DA:108,0
DA:110,0
DA:111,0
DA:113,0
DA:122,1
DA:123,1
DA:124,1
DA:126,2
DA:127,2
DA:128,2
DA:129,3
DA:130,2
DA:131,2
DA:133,1
DA:146,2
DA:156,1
DA:157,1
DA:158,1
DA:159,1
DA:160,2
DA:161,1
DA:164,1
DA:166,2
DA:167,3
DA:168,2
DA:169,1
DA:170,1
DA:171,2
DA:172,2
DA:173,1
DA:177,2
DA:178,6
DA:179,2
DA:182,2
DA:183,2
DA:184,4
DA:185,2
DA:188,2
DA:189,4
DA:191,2
DA:193,2
DA:194,6
DA:195,2
DA:196,2
DA:197,2
DA:198,2
DA:199,4
DA:200,4
DA:201,2
LF:102
LH:55
end_of_record
TN:
SF:lib/services/location_service.dart
FNF:0
FNH:0
DA:4,3
DA:5,1
DA:7,1
DA:8,1
DA:10,0
DA:14,0
DA:15,0
DA:16,0
DA:18,0
DA:19,0
DA:23,0
DA:24,0
DA:27,1
DA:32,1
DA:36,0
DA:47,1
DA:48,1
DA:51,0
DA:56,0
DA:58,0
DA:59,0
DA:67,0
DA:68,0
DA:69,0
DA:71,0
DA:72,0
DA:73,0
DA:80,0
DA:81,0
DA:82,0
DA:89,0
DA:92,0
DA:99,0
DA:100,0
DA:101,0
DA:106,0
DA:107,0
DA:120,0
LF:38
LH:8
end_of_record
TN:
SF:lib/services/notification_service.dart
FNF:0
FNH:0
DA:8,3
DA:9,1
DA:15,1
DA:16,1
DA:18,1
DA:30,2
DA:38,0
DA:41,0
DA:46,0
DA:50,0
DA:58,0
DA:61,0
DA:73,0
DA:76,0
DA:89,0
DA:93,0
DA:94,0
DA:96,0
DA:98,0
DA:99,0
DA:101,0
DA:102,0
DA:103,0
DA:104,0
DA:118,0
DA:119,0
DA:122,0
DA:123,0
DA:124,0
DA:136,0
DA:137,0
DA:140,0
DA:141,0
DA:144,1
DA:145,1
DA:148,1
DA:149,0
DA:150,0
LF:38
LH:9
end_of_record
TN:
SF:lib/theme/theme_extensions.dart
FNF:0
FNH:0
DA:40,1
DA:75,2
DA:126,2
DA:177,1
DA:212,1
DA:213,0
DA:214,1
DA:215,1
DA:216,1
DA:217,1
DA:218,1
DA:219,1
DA:220,1
DA:221,1
DA:222,1
DA:223,1
DA:224,1
DA:225,1
DA:226,1
DA:227,1
DA:228,1
DA:229,1
DA:230,1
DA:231,1
DA:232,1
DA:233,1
DA:234,1
DA:235,1
DA:236,1
DA:237,1
DA:238,1
DA:239,1
DA:240,1
DA:241,1
DA:242,1
DA:243,1
DA:244,1
DA:248,1
DA:251,1
DA:252,3
DA:253,3
DA:254,3
DA:255,3
DA:256,3
DA:257,3
DA:258,3
DA:259,3
DA:260,3
DA:261,3
DA:262,3
DA:263,3
DA:264,3
DA:265,3
DA:266,3
DA:267,3
DA:268,3
DA:269,3
DA:270,3
DA:271,3
DA:272,1
DA:273,3
DA:274,3
DA:275,3
DA:276,3
DA:277,3
DA:278,3
DA:279,3
DA:280,3
DA:281,3
DA:282,3
DA:283,3
LF:71
LH:70
end_of_record
TN:
SF:lib/utils/checkin_checkout.dart
FNF:0
FNH:0
DA:3,1
DA:5,2
LF:2
LH:2
end_of_record
TN:
SF:lib/utils/checkin_refresh.dart
FNF:0
FNH:0
DA:1,4
DA:3,8
DA:4,20
DA:5,10
DA:9,24
LF:5
LH:5
end_of_record
TN:
SF:lib/utils/checkin_rules.dart
FNF:0
FNH:0
DA:6,6
DA:14,5
DA:18,5
DA:20,4
DA:21,3
DA:24,6
DA:30,10
DA:31,8
DA:32,12
DA:35,3
DA:40,12
DA:41,3
DA:43,4
DA:44,4
DA:48,4
DA:50,6
DA:51,2
DA:52,4
DA:53,2
DA:54,2
DA:58,2
DA:64,4
DA:66,2
DA:67,2
DA:68,2
DA:73,2
DA:74,2
DA:76,2
DA:77,1
DA:80,1
DA:81,1
DA:82,1
DA:83,1
DA:84,2
DA:85,1
DA:86,1
LF:36
LH:36
end_of_record
TN:
SF:lib/utils/location_lookup.dart
FNF:0
FNH:0
DA:4,12
DA:6,4
DA:8,4
DA:9,4
DA:11,8
DA:12,8
DA:13,3
DA:20,4
DA:21,4
DA:22,8
DA:23,8
DA:24,4
DA:25,4
DA:26,8
DA:30,28
DA:34,4
DA:35,4
DA:36,8
DA:37,4
DA:44,4
LF:20
LH:20
end_of_record
TN:
SF:lib/utils/uob_buildings.dart
FNF:0
FNH:0
DA:7,4
LF:1
LH:1
end_of_record
TN:
SF:lib/widgets/checkin/checkin_skeleton.dart
FNF:0
FNH:0
DA:5,1
DA:7,1
DA:9,1
DA:11,1
DA:12,1
DA:14,1
DA:15,1
DA:17,1
DA:19,1
DA:20,1
DA:21,1
DA:22,1
DA:25,1
DA:56,1
DA:58,1
DA:59,3
DA:60,1
DA:62,1
DA:63,1
DA:66,1
DA:67,1
DA:69,1
DA:78,1
DA:81,1
LF:24
LH:24
end_of_record
TN:
SF:lib/widgets/common/gradient_text.dart
FNF:0
FNH:0
DA:12,5
DA:20,5
DA:22,10
DA:23,5
DA:27,5
DA:29,10
DA:30,15
DA:32,5
DA:33,5
DA:34,5
DA:35,5
LF:11
LH:11
end_of_record
TN:
SF:lib/widgets/common/grain_overlay.dart
FNF:0
FNH:0
DA:9,1
DA:11,4
DA:13,4
DA:14,4
DA:15,4
DA:16,4
DA:29,1
DA:31,4
DA:33,4
DA:34,8
DA:38,24
DA:40,8
DA:41,12
DA:42,12
DA:43,12
DA:44,8
DA:45,20
DA:49,0
LF:18
LH:17
end_of_record
TN:
SF:lib/widgets/common/skeleton_loader.dart
FNF:0
FNH:0
DA:9,3
DA:16,2
DA:17,2
DA:25,2
DA:27,2
DA:28,4
DA:31,2
DA:33,8
DA:34,4
DA:38,2
DA:40,4
DA:41,2
DA:44,2
DA:46,4
DA:47,0
DA:48,0
DA:50,2
DA:51,2
DA:52,2
DA:53,2
DA:54,4
DA:55,4
DA:56,2
DA:57,6
DA:58,2
DA:61,2
DA:66,2
DA:67,6
DA:68,4
DA:69,6
DA:70,8
DA:82,1
DA:84,2
DA:86,2
DA:87,2
DA:88,2
DA:89,6
LF:37
LH:35
end_of_record
TN:
SF:lib/widgets/friends/friend_card.dart
FNF:0
FNH:0
DA:10,1
DA:12,1
DA:14,1
DA:15,1
DA:17,1
DA:19,1
DA:20,0
DA:21,0
DA:23,1
DA:24,2
DA:25,5
DA:27,6
DA:28,1
DA:29,1
DA:30,1
DA:31,4
DA:32,1
DA:33,4
DA:36,1
DA:37,0
DA:38,0
DA:39,0
DA:40,0
DA:41,0
DA:42,0
LF:25
LH:17
end_of_record
TN:
SF:lib/widgets/friends/friend_request_card.dart
FNF:0
FNH:0
DA:10,1
DA:17,1
DA:19,1
DA:20,1
DA:22,1
DA:24,1
DA:26,1
DA:27,1
DA:28,1
DA:29,2
DA:30,5
DA:33,1
DA:34,1
DA:36,1
DA:37,1
DA:38,2
DA:39,3
DA:43,1
DA:44,2
DA:45,3
DA:46,0
DA:52,1
DA:53,1
DA:54,1
DA:56,1
DA:57,1
DA:58,1
LF:27
LH:26
end_of_record
TN:
SF:lib/widgets/friends/leaderboard_entry_tile.dart
FNF:0
FNH:0
DA:10,0
DA:12,1
DA:14,1
DA:15,1
DA:17,1
DA:19,2
DA:20,1
DA:21,1
DA:23,2
DA:24,0
DA:27,0
DA:28,0
DA:29,0
DA:33,1
DA:35,2
DA:36,0
DA:37,0
DA:38,0
DA:45,1
DA:47,2
DA:49,0
DA:50,0
DA:51,0
DA:58,1
DA:60,1
DA:62,2
DA:63,0
DA:64,1
DA:69,1
DA:71,2
DA:72,0
DA:75,0
DA:77,1
DA:78,1
DA:79,1
DA:81,1
DA:83,1
DA:84,3
DA:87,3
DA:90,2
DA:91,0
DA:92,0
DA:99,1
DA:100,1
DA:101,1
DA:102,1
DA:105,2
DA:106,0
DA:107,0
DA:108,0
DA:117,1
DA:120,2
DA:121,0
DA:124,2
DA:125,1
DA:126,2
DA:136,1
DA:137,1
DA:138,2
DA:139,3
DA:141,2
DA:147,1
DA:150,1
DA:151,2
DA:152,0
DA:153,0
DA:158,0
DA:160,1
DA:161,2
DA:162,3
DA:164,0
DA:167,1
DA:168,2
DA:169,3
DA:170,0
LF:75
LH:50
end_of_record
TN:
SF:lib/widgets/friends/podium_widget.dart
FNF:0
FNH:0
DA:11,1
DA:13,1
DA:15,1
DA:16,1
DA:19,4
DA:20,5
DA:21,5
DA:23,1
DA:25,1
DA:26,1
DA:29,1
DA:30,2
DA:31,2
DA:35,1
DA:36,1
DA:39,1
DA:42,1
DA:45,1
DA:46,1
DA:51,0
DA:54,1
DA:57,1
DA:58,1
DA:63,0
DA:66,1
DA:69,1
DA:70,1
DA:75,0
DA:85,1
DA:92,1
DA:93,1
DA:95,1
DA:97,1
DA:99,1
DA:100,1
DA:102,1
DA:103,1
DA:104,1
DA:105,5
DA:113,1
DA:116,1
DA:118,1
DA:120,1
DA:121,1
DA:123,1
DA:124,1
DA:126,0
DA:127,0
DA:129,1
DA:130,1
DA:132,1
DA:133,1
DA:134,1
DA:136,1
DA:140,1
DA:141,1
DA:143,1
DA:144,0
DA:146,1
DA:147,1
DA:148,1
DA:149,1
DA:150,1
DA:152,2
DA:162,1
DA:165,1
DA:166,1
DA:167,3
DA:168,1
DA:169,1
DA:175,1
DA:178,1
DA:179,1
DA:180,1
DA:181,1
DA:184,0
DA:186,1
DA:187,1
DA:188,3
DA:189,0
DA:192,1
DA:195,1
DA:196,3
DA:197,1
DA:199,1
DA:200,1
DA:202,1
DA:203,1
DA:206,1
DA:207,1
DA:208,1
DA:215,1
DA:216,1
DA:217,1
DA:223,1
DA:224,1
DA:225,1
DA:226,1
DA:227,1
LF:99
LH:91
end_of_record
TN:
SF:lib/widgets/profile/attendance_chart.dart
FNF:0
FNH:0
DA:10,1
DA:12,1
DA:14,1
DA:15,1
DA:16,2
DA:18,1
DA:19,1
DA:21,1
DA:23,1
DA:24,1
DA:26,3
DA:31,1
DA:32,1
DA:33,3
DA:34,0
DA:39,1
DA:41,1
DA:44,1
DA:46,3
DA:47,0
DA:52,1
DA:54,1
DA:62,1
DA:63,2
DA:64,6
DA:65,3
DA:68,1
DA:69,2
DA:74,1
DA:76,4
DA:77,5
DA:78,5
DA:79,3
DA:82,3
DA:83,0
DA:85,1
DA:86,1
DA:89,1
DA:93,2
DA:94,1
DA:98,1
DA:100,1
DA:101,1
DA:103,4
DA:104,1
DA:105,1
DA:106,4
DA:107,1
DA:109,1
DA:110,5
DA:111,1
DA:117,1
DA:118,1
DA:122,1
DA:123,1
DA:124,2
DA:125,1
DA:133,1
DA:134,1
DA:135,1
DA:143,1
DA:145,1
DA:148,1
DA:149,1
DA:150,1
DA:156,1
DA:157,1
DA:158,0
DA:159,0
DA:160,0
DA:161,0
DA:164,0
DA:172,1
DA:173,2
DA:175,9
DA:176,4
DA:178,1
DA:179,1
DA:182,1
DA:184,1
DA:186,5
DA:187,1
DA:188,1
DA:189,1
DA:190,1
DA:191,3
DA:192,3
DA:198,1
LF:88
LH:80
end_of_record
TN:
SF:lib/widgets/profile/attendance_ring_card.dart
FNF:0
FNH:0
DA:9,0
DA:11,1
DA:13,1
DA:15,1
DA:16,1
DA:18,1
DA:20,1
DA:21,1
DA:23,3
DA:28,1
DA:30,1
DA:31,1
DA:33,2
DA:34,2
DA:35,2
DA:36,2
DA:38,1
DA:40,2
DA:41,2
DA:42,2
DA:43,2
DA:45,1
DA:47,2
DA:48,2
DA:49,2
DA:50,2
DA:68,1
DA:76,1
DA:77,2
DA:78,2
DA:79,0
DA:82,1
DA:84,1
DA:85,1
DA:86,1
DA:88,1
DA:89,1
DA:90,1
DA:91,3
DA:94,1
DA:95,1
DA:98,1
DA:99,1
DA:102,1
DA:104,1
DA:105,1
DA:106,2
DA:107,1
DA:119,1
DA:120,1
DA:121,3
DA:125,1
DA:126,3
DA:127,3
DA:128,0
DA:141,1
DA:147,1
DA:149,5
DA:150,3
DA:154,1
DA:155,2
DA:156,1
DA:157,1
DA:158,1
DA:160,1
DA:163,1
DA:164,2
DA:165,1
DA:166,1
DA:167,1
DA:169,1
DA:170,1
DA:171,2
DA:172,3
DA:178,1
DA:180,3
LF:76
LH:73
end_of_record
TN:
SF:lib/widgets/profile/profile_skeleton.dart
FNF:0
FNH:0
DA:5,1
DA:7,2
DA:9,2
DA:11,2
DA:12,2
DA:18,2
DA:21,2
DA:26,2
DA:27,4
DA:28,2
DA:30,2
DA:32,2
DA:33,2
DA:34,2
DA:35,2
DA:38,2
DA:45,2
DA:48,2
DA:53,2
DA:54,2
DA:55,2
DA:58,2
DA:61,2
DA:64,2
DA:75,2
DA:76,4
DA:77,2
DA:79,2
DA:80,2
DA:81,2
DA:82,2
DA:85,2
DA:87,2
DA:90,2
DA:93,2
DA:102,2
DA:104,2
DA:105,2
DA:106,2
DA:112,2
DA:113,2
DA:128,2
DA:129,4
DA:130,2
DA:132,2
DA:134,2
DA:137,2
DA:139,2
DA:140,2
DA:141,2
DA:147,2
DA:148,2
DA:154,2
DA:155,2
DA:170,2
DA:171,4
DA:172,2
DA:174,2
DA:176,2
DA:181,2
DA:184,2
DA:189,2
DA:192,2
LF:63
LH:63
end_of_record
TN:
SF:lib/widgets/profile/streak_card.dart
FNF:0
FNH:0
DA:9,1
DA:11,1
DA:13,1
DA:14,1
DA:15,3
DA:17,1
DA:18,1
DA:19,1
DA:20,1
DA:21,1
DA:24,1
DA:25,1
DA:26,1
DA:31,1
DA:32,1
DA:33,1
DA:34,1
DA:36,1
DA:37,1
DA:40,1
DA:41,1
DA:43,1
DA:46,1
DA:48,1
DA:51,6
DA:53,1
DA:54,1
DA:55,3
DA:61,1
DA:63,1
DA:65,1
DA:66,3
DA:80,1
DA:81,1
DA:83,1
DA:84,1
DA:85,1
DA:86,1
DA:87,3
DA:88,3
DA:91,0
DA:93,2
DA:95,0
DA:97,0
DA:98,0
DA:99,0
DA:110,1
DA:111,1
DA:112,3
DA:113,2
DA:115,0
DA:117,0
DA:118,0
DA:119,0
DA:121,0
DA:123,0
DA:124,0
DA:126,0
DA:128,0
DA:144,1
DA:146,1
DA:147,1
DA:149,0
DA:150,3
DA:153,1
DA:155,0
DA:156,3
DA:167,1
DA:169,1
DA:170,0
DA:171,1
DA:172,0
DA:173,1
DA:174,0
DA:175,0
DA:176,0
DA:177,0
DA:178,0
DA:179,0
DA:180,0
DA:189,1
DA:191,1
DA:193,2
DA:195,1
DA:197,1
DA:198,2
DA:199,1
DA:201,1
DA:202,2
DA:203,2
DA:208,1
DA:210,1
DA:212,1
DA:214,1
DA:216,0
DA:218,0
DA:220,0
DA:232,1
DA:239,1
DA:241,1
DA:242,1
DA:244,1
DA:245,1
DA:246,3
DA:248,5
DA:249,5
LF:106
LH:78
end_of_record
TN:
SF:lib/widgets/profile/tier_progress_card.dart
FNF:0
FNH:0
DA:9,1
DA:11,1
DA:13,1
DA:14,1
DA:15,3
DA:16,2
DA:18,1
DA:19,1
DA:20,1
DA:21,1
DA:22,1
DA:25,1
DA:26,1
DA:27,1
DA:32,1
DA:34,1
DA:35,1
DA:36,1
DA:37,1
DA:39,1
DA:40,3
DA:41,1
DA:43,1
DA:45,1
DA:46,4
DA:48,1
DA:49,2
DA:56,1
DA:57,3
DA:62,0
DA:67,1
DA:68,1
DA:71,1
DA:72,1
DA:73,1
DA:74,1
DA:77,1
DA:78,1
DA:84,1
DA:85,3
DA:87,3
DA:88,3
DA:89,0
DA:93,1
DA:94,1
DA:95,3
DA:97,3
DA:106,1
DA:107,1
DA:108,1
DA:109,0
DA:110,1
DA:111,3
DA:112,0
DA:113,0
DA:114,0
DA:115,0
DA:116,0
DA:117,0
DA:118,0
DA:123,1
DA:125,1
DA:126,0
DA:127,1
DA:128,0
DA:129,0
DA:130,0
DA:131,0
DA:132,0
DA:133,0
DA:134,0
DA:135,0
DA:136,0
DA:140,1
DA:142,1
DA:144,1
DA:146,0
DA:148,0
DA:150,0
DA:152,0
DA:163,1
DA:165,1
DA:167,1
DA:169,1
DA:170,2
DA:171,1
DA:173,1
DA:175,1
DA:176,2
DA:178,1
DA:179,3
DA:180,2
LF:92
LH:68
end_of_record
TN:
SF:lib/widgets/settings/ical_setup_dialog.dart
FNF:0
FNH:0
DA:11,0
DA:13,1
DA:14,1
DA:25,1
DA:27,1
DA:28,2
DA:29,0
DA:33,1
DA:35,2
DA:36,1
DA:39,1
DA:41,1
DA:43,1
DA:44,1
DA:47,1
DA:50,1
DA:51,1
DA:52,1
DA:56,1
DA:58,1
DA:70,1
DA:71,0
DA:72,0
DA:74,0
DA:75,0
DA:77,0
DA:79,0
DA:80,0
DA:81,0
DA:83,0
DA:84,0
DA:85,0
DA:87,0
DA:88,0
DA:89,0
DA:90,0
DA:99,1
DA:100,1
DA:106,1
DA:107,1
DA:109,1
DA:111,1
DA:112,1
DA:113,1
DA:114,1
DA:115,1
DA:116,1
DA:125,1
DA:126,1
DA:127,0
DA:130,1
DA:131,3
DA:133,1
DA:145,1
DA:146,1
DA:148,1
DA:149,0
DA:150,0
DA:151,0
DA:152,0
DA:154,0
DA:155,0
DA:157,0
DA:158,0
DA:159,0
DA:162,0
DA:163,0
DA:165,0
DA:166,0
DA:177,1
DA:178,3
DA:179,1
DA:180,3
DA:183,0
DA:184,0
DA:188,0
DA:189,0
DA:192,0
DA:193,0
DA:194,0
DA:195,0
DA:198,0
DA:201,0
DA:203,0
DA:204,0
DA:205,0
DA:213,0
DA:214,0
DA:215,0
DA:219,0
DA:221,0
DA:223,0
DA:224,0
DA:225,0
DA:226,0
DA:228,0
DA:229,0
DA:231,0
DA:232,0
DA:233,0
LF:100
LH:42
end_of_record
TN:
SF:lib/widgets/timetable/timetable_skeleton.dart
FNF:0
FNH:0
DA:5,1
DA:7,1
DA:9,1
DA:10,1
DA:11,1
DA:13,1
DA:16,1
DA:17,2
DA:18,1
DA:19,3
DA:22,1
DA:23,1
DA:25,1
DA:26,1
DA:28,2
DA:29,1
DA:30,1
DA:32,1
DA:33,1
DA:36,1
DA:39,1
DA:42,1
DA:56,1
DA:57,1
DA:58,1
DA:60,1
DA:61,1
DA:62,1
DA:65,1
DA:68,1
DA:71,1
DA:74,1
DA:77,1
DA:80,1
DA:83,1
LF:35
LH:35
end_of_record
